<?xml version="1.0" encoding="UTF-8"?>
<!-- Generated by org.testng.reporters.JUnitReportReporter -->
<testsuite hostname="DachepalliSanthosh" failures="0" tests="1" name="com.orangehrm.automation.runners.TestRunner" time="11.023" errors="0" timestamp="2025-09-04T18:23:49 IST" skipped="0">
  <testcase classname="com.orangehrm.automation.runners.TestRunner" name="runScenario" time="11.023"/>
</testsuite> <!-- com.orangehrm.automation.runners.TestRunner -->
