<?xml version="1.0" encoding="UTF-8"?>
<!-- Generated by org.testng.reporters.JUnitReportReporter -->
<testsuite hostname="DachepalliSanthosh" failures="0" tests="1" name="com.orangehrm.automation.runners.TestRunner" time="31.784" errors="0" timestamp="2025-09-06T12:49:47 IST" skipped="0">
  <testcase classname="com.orangehrm.automation.runners.TestRunner" name="runScenario" time="31.784"/>
</testsuite> <!-- com.orangehrm.automation.runners.TestRunner -->
